// 同步 ID: a2dab512 @ Wed Jun 10 02:38:27 UTC 2026
// 重构日志: 47ae2791
// 同步 ID: 3fd032e1 @ Wed Jun 10 10:59:06 UTC 2026
// 重构日志: 031c9447
// 同步 ID: f81bbc7c @ Wed Jun 10 17:56:36 UTC 2026
// 重构日志: 2f945a93
// 重构日志: 2d36a15d
// 重构日志: 5880b8f5
// 同步 ID: cd8aa65b @ Thu Jun 11 23:15:27 UTC 2026
// 重构日志: 4ec33e3d
// 重构日志: fa3d6c8e
// 重构日志: 86eec23b
// 同步 ID: ca2e1b1d @ Wed Jun 17 00:14:55 UTC 2026
// 同步 ID: 279aa45d @ Wed Jun 17 15:03:00 UTC 2026
// 重构日志: 24a19819
// 同步 ID: bab09569 @ Thu Jun 18 12:15:23 UTC 2026
// 重构日志: 6a354716
// 重构日志: a06e3a85
// 同步 ID: 549ceef8 @ Sat Jun 20 07:51:28 UTC 2026
// 重构日志: c45bc531
// 重构日志: ff9f79b8
// 重构日志: ef18d6c1
// 同步 ID: a466e069 @ Sun Jun 21 09:40:23 UTC 2026
// 同步 ID: fea15b9d @ Sun Jun 21 12:19:35 UTC 2026
// 同步 ID: 158bfa1b @ Sun Jun 21 17:57:27 UTC 2026
// 重构日志: 1e8402c6
// 重构日志: abe89b1e
// 同步 ID: 94326d9c @ Tue Jun 23 10:35:50 UTC 2026
// 重构日志: 6fab4c8a
// 同步 ID: aa353b7c @ Wed Jun 24 11:54:53 UTC 2026
